<?xml version="1.0" encoding="UTF-8"?>
<!-- Generated by org.testng.reporters.JUnitReportReporter -->
<testsuite hostname="DESKTOP-52JJA80" failures="0" tests="3" name="runner.TestRunner" time="6.118" errors="0" timestamp="2025-06-02T12:16:19 IST" skipped="0">
  <testcase classname="runner.TestRunner" name="runScenario" time="0.162"/>
  <testcase classname="runner.TestRunner" name="runScenario" time="1.188"/>
  <testcase classname="runner.TestRunner" name="runScenario" time="4.768"/>
</testsuite> <!-- runner.TestRunner -->
